This file contains any messages produced by compilers while
running configure, to aid debugging if configure makes a mistake.

It was created by tinydtls configure 0.8.6, which was
generated by GNU Autoconf 2.69.  Invocation command line was

  $ ./configure --with-contiki --without-ecc --without-debug

## --------- ##
## Platform. ##
## --------- ##

hostname = tusnio.kl.imgtec.org
uname -m = x86_64
uname -r = 4.4.0-36-generic
uname -s = Linux
uname -v = #55~14.04.1-Ubuntu SMP Fri Aug 12 11:49:30 UTC 2016

/usr/bin/uname -p = unknown
/bin/uname -X     = unknown

/bin/arch              = unknown
/usr/bin/arch -k       = unknown
/usr/convex/getsysinfo = unknown
/usr/bin/hostinfo      = unknown
/bin/machine           = unknown
/usr/bin/oslevel       = unknown
/bin/universe          = unknown

PATH: /home/tusnio/bin
PATH: /usr/local/sbin
PATH: /usr/local/bin
PATH: /usr/sbin
PATH: /usr/bin
PATH: /sbin
PATH: /bin
PATH: /usr/games
PATH: /usr/local/games
PATH: /opt/microchip/xc32/v1.34/bin
PATH: /opt/microchip/xc32/v1.34/bin
PATH: /home/tusnio/nodejs/bin
PATH: /home/tusnio/Android/Sdk/tools
PATH: /home/tusnio/Android/Sdk/platform-tools


## ----------- ##
## Core tests. ##
## ----------- ##

configure:2226: checking for doxygen
configure:2244: found /usr/bin/doxygen
configure:2257: result: /usr/bin/doxygen
configure:2267: checking for etags
configure:2298: result: /bin/false
configure:4003: skipping header checks for Contiki
configure:4317: creating ./config.status

## ---------------------- ##
## Running config.status. ##
## ---------------------- ##

This file was extended by tinydtls config.status 0.8.6, which was
generated by GNU Autoconf 2.69.  Invocation command line was

  CONFIG_FILES    = 
  CONFIG_HEADERS  = 
  CONFIG_LINKS    = 
  CONFIG_COMMANDS = 
  $ ./config.status 

on tusnio.kl.imgtec.org

config.status:806: creating Makefile
config.status:806: creating doc/Makefile
config.status:806: creating doc/Doxyfile
config.status:806: creating tests/Makefile
config.status:806: creating platform-specific/Makefile
config.status:806: creating sha2/Makefile
config.status:806: creating aes/Makefile
config.status:806: creating ecc/Makefile
config.status:806: creating dtls_config.h
config.status:806: creating tinydtls.h

## ---------------- ##
## Cache variables. ##
## ---------------- ##

ac_cv_env_CC_set=
ac_cv_env_CC_value=
ac_cv_env_CFLAGS_set=
ac_cv_env_CFLAGS_value=
ac_cv_env_CPPFLAGS_set=
ac_cv_env_CPPFLAGS_value=
ac_cv_env_CPP_set=
ac_cv_env_CPP_value=
ac_cv_env_LDFLAGS_set=
ac_cv_env_LDFLAGS_value=
ac_cv_env_LIBS_set=
ac_cv_env_LIBS_value=
ac_cv_env_build_alias_set=
ac_cv_env_build_alias_value=
ac_cv_env_host_alias_set=
ac_cv_env_host_alias_value=
ac_cv_env_target_alias_set=
ac_cv_env_target_alias_value=
ac_cv_path_DOXYGEN=/usr/bin/doxygen
ac_cv_path_ETAGS=/bin/false

## ----------------- ##
## Output variables. ##
## ----------------- ##

CC=''
CFLAGS=''
CPP=''
CPPFLAGS=' -DNDEBUG -DDTLSv12 -DWITH_SHA256'
DEFS='-DHAVE_CONFIG_H'
DOXYGEN='/usr/bin/doxygen'
DTLS_ECC=''
DTLS_PSK='1'
ECHO_C=''
ECHO_N='-n'
ECHO_T=''
EGREP=''
ETAGS='/bin/false'
EXEEXT=''
GREP=''
LDFLAGS=''
LIBOBJS=''
LIBS=''
LTLIBOBJS=''
NDEBUG='1'
OBJEXT=''
OPT_OBJS=' sha2/sha2.o'
PACKAGE_BUGREPORT=''
PACKAGE_NAME='tinydtls'
PACKAGE_STRING='tinydtls 0.8.6'
PACKAGE_TARNAME='tinydtls'
PACKAGE_URL=''
PACKAGE_VERSION='0.8.6'
PATH_SEPARATOR=':'
RANLIB=''
SET_MAKE=''
SHELL='/bin/bash'
WITH_CONTIKI='1'
ac_ct_CC=''
bindir='${exec_prefix}/bin'
build_alias=''
datadir='${datarootdir}'
datarootdir='${prefix}/share'
docdir='${datarootdir}/doc/${PACKAGE_TARNAME}'
dvidir='${docdir}'
exec_prefix='${prefix}'
host_alias=''
htmldir='${docdir}'
includedir='${prefix}/include'
infodir='${datarootdir}/info'
libdir='${exec_prefix}/lib'
libexecdir='${exec_prefix}/libexec'
localedir='${datarootdir}/locale'
localstatedir='${prefix}/var'
mandir='${datarootdir}/man'
oldincludedir='/usr/include'
pdfdir='${docdir}'
prefix='/usr/local'
program_transform_name='s,x,x,'
psdir='${docdir}'
sbindir='${exec_prefix}/sbin'
sharedstatedir='${prefix}/com'
sysconfdir='${prefix}/etc'
target_alias=''

## ----------- ##
## confdefs.h. ##
## ----------- ##

/* confdefs.h */
#define PACKAGE_NAME "tinydtls"
#define PACKAGE_TARNAME "tinydtls"
#define PACKAGE_VERSION "0.8.6"
#define PACKAGE_STRING "tinydtls 0.8.6"
#define PACKAGE_BUGREPORT ""
#define PACKAGE_URL ""
#define WITH_CONTIKI 1
#define DTLS_PSK 1

configure: exit 0
